[2016-12-02 17:33:43.696] [INFO] odata - processing OData V2 request of type GET
[2016-12-02 17:33:43.699] [DEBUG] odata - baseUrl = /odata/pipelines
[2016-12-02 17:33:43.713] [DEBUG] odata - checkAccess passed successfully
[2016-12-02 17:33:46.072] [INFO] odata - processing OData V2 request of type POST
[2016-12-02 17:33:46.072] [DEBUG] odata - baseUrl = /odata/pipeline
[2016-12-02 17:33:46.073] [DEBUG] odata - checkAccess passed successfully
[2016-12-02 17:33:46.074] [TRACE] post - handle post
[2016-12-02 17:33:46.098] [ERROR] console - { MongoError: E11000 duplicate key error collection: db.pipeline index: key_1 dup key: { : "p_fiori1009" }
    at Function.MongoError.create (C:\Users\i037379\git\pipeline-ui-poc\db\node_modules\mongodb-core\lib\error.js:31:11)
    at toError (C:\Users\i037379\git\pipeline-ui-poc\db\node_modules\mongodb\lib\utils.js:114:22)
    at C:\Users\i037379\git\pipeline-ui-poc\db\node_modules\mongodb\lib\collection.js:620:23
    at handleCallback (C:\Users\i037379\git\pipeline-ui-poc\db\node_modules\mongodb\lib\utils.js:96:12)
    at resultHandler (C:\Users\i037379\git\pipeline-ui-poc\db\node_modules\mongodb\lib\bulk\ordered.js:426:14)
    at commandCallback (C:\Users\i037379\git\pipeline-ui-poc\db\node_modules\mongodb-core\lib\topologies\server.js:1246:9)
    at Callbacks.emit (C:\Users\i037379\git\pipeline-ui-poc\db\node_modules\mongodb-core\lib\topologies\server.js:119:3)
    at Connection.messageHandler (C:\Users\i037379\git\pipeline-ui-poc\db\node_modules\mongodb-core\lib\topologies\server.js:397:23)
    at Socket.<anonymous> (C:\Users\i037379\git\pipeline-ui-poc\db\node_modules\mongodb-core\lib\connection\connection.js:302:22)
    at emitOne (events.js:96:13)
    at Socket.emit (events.js:188:7)
    at readableAddChunk (_stream_readable.js:176:18)
    at Socket.Readable.push (_stream_readable.js:134:10)
    at TCP.onread (net.js:548:20)
  name: 'MongoError',
  message: 'E11000 duplicate key error collection: db.pipeline index: key_1 dup key: { : "p_fiori1009" }',
  driver: true,
  code: 11000,
  index: 0,
  errmsg: 'E11000 duplicate key error collection: db.pipeline index: key_1 dup key: { : "p_fiori1009" }',
  getOperation: [Function],
  toJSON: [Function],
  toString: [Function] }
[2016-12-02 17:33:49.503] [INFO] odata - processing OData V2 request of type POST
[2016-12-02 17:33:49.504] [DEBUG] odata - baseUrl = /odata/pipeline
[2016-12-02 17:33:49.505] [DEBUG] odata - checkAccess passed successfully
[2016-12-02 17:33:49.505] [TRACE] post - handle post
[2016-12-02 17:33:49.512] [TRACE] post - created pipeline with id 5841a26da9d418bc273716ef.
[2016-12-02 17:33:51.720] [INFO] odata - processing OData V2 request of type GET
[2016-12-02 17:33:51.721] [DEBUG] odata - baseUrl = /odata/pipelines
[2016-12-02 17:33:51.722] [DEBUG] odata - checkAccess passed successfully
[2016-12-02 17:33:58.232] [INFO] odata - processing OData V2 request of type GET
[2016-12-02 17:33:58.232] [DEBUG] odata - baseUrl = /odata/pipelines
[2016-12-02 17:33:58.234] [DEBUG] odata - checkAccess passed successfully
[2016-12-02 17:33:58.241] [INFO] console - filter: {"limit":1000}
[2016-12-02 17:34:04.199] [INFO] odata - processing OData V2 request of type GET
[2016-12-02 17:34:04.201] [DEBUG] odata - baseUrl = /odata
[2016-12-02 17:34:04.202] [DEBUG] odata - call to . Doesn't need checkAccess
[2016-12-02 17:34:04.203] [DEBUG] odata - checkAccess passed successfully
[2016-12-02 17:36:47.378] [INFO] odata - processing OData V2 request of type GET
[2016-12-02 17:36:47.380] [DEBUG] odata - baseUrl = /odata
[2016-12-02 17:36:47.380] [DEBUG] odata - call to . Doesn't need checkAccess
[2016-12-02 17:36:47.382] [DEBUG] odata - checkAccess passed successfully
[2016-12-02 17:36:59.008] [INFO] odata - processing OData V2 request of type GET
[2016-12-02 17:36:59.009] [DEBUG] odata - baseUrl = /odata/pipeline
[2016-12-02 17:36:59.018] [DEBUG] odata - checkAccess passed successfully
[2016-12-02 17:37:04.370] [INFO] odata - processing OData V2 request of type GET
[2016-12-02 17:37:04.370] [DEBUG] odata - baseUrl = /odata/pipelines
[2016-12-02 17:37:04.372] [DEBUG] odata - checkAccess passed successfully
[2016-12-02 17:37:06.361] [INFO] odata - processing OData V2 request of type GET
[2016-12-02 17:37:06.361] [DEBUG] odata - baseUrl = /odata/pipelines
[2016-12-02 17:37:06.362] [DEBUG] odata - checkAccess passed successfully
[2016-12-02 17:37:06.370] [INFO] console - filter: {"limit":1000}
